app/build/intermediates/manifest_merge_blame_file/debug/processDebugMainManifest/manifest-merger-blame-debug-report.txt
1<?xml version="1.0" encoding="utf-8"?>
2<manifest xmlns:android="http://schemas.android.com/apk/res/android"
3    package="com.mytestapp"
4    android:versionCode="1"
5    android:versionName="1.0" >
6
7    <uses-sdk
8        android:minSdkVersion="21"
9        android:targetSdkVersion="35" />
10
11    <permission
11-->[androidx.core:core:1.16.0] AndroidManifest.xml:22:5-24:47
12        android:name="com.mytestapp.DYNAMIC_RECEIVER_NOT_EXPORTED_PERMISSION"
12-->[androidx.core:core:1.16.0] AndroidManifest.xml:23:9-81
13        android:protectionLevel="signature" />
13-->[androidx.core:core:1.16.0] AndroidManifest.xml:24:9-44
14
15    <uses-permission android:name="com.mytestapp.DYNAMIC_RECEIVER_NOT_EXPORTED_PERMISSION" />
15-->[androidx.core:core:1.16.0] AndroidManifest.xml:26:5-97
15-->[androidx.core:core:1.16.0] AndroidManifest.xml:26:22-94
16    <uses-permission android:name="android.permission.REORDER_TASKS" />
16-->[androidx.test:core:1.6.1] AndroidManifest.xml:24:5-72
16-->[androidx.test:core:1.6.1] AndroidManifest.xml:24:22-69
17
18    <queries>
18-->[androidx.test:runner:1.6.1] AndroidManifest.xml:24:5-28:15
19        <package android:name="androidx.test.orchestrator" />
19-->[androidx.test:runner:1.6.1] AndroidManifest.xml:25:9-62
19-->[androidx.test:runner:1.6.1] AndroidManifest.xml:25:18-59
20        <package android:name="androidx.test.services" />
20-->[androidx.test:runner:1.6.1] AndroidManifest.xml:26:9-58
20-->[androidx.test:runner:1.6.1] AndroidManifest.xml:26:18-55
21        <package android:name="com.google.android.apps.common.testing.services" />
21-->[androidx.test:runner:1.6.1] AndroidManifest.xml:27:9-83
21-->[androidx.test:runner:1.6.1] AndroidManifest.xml:27:18-80
22    </queries>
23
24    <application
24-->src/main/AndroidManifest.xml:4:5-20:19
25        android:allowBackup="true"
25-->src/main/AndroidManifest.xml:5:9-35
26        android:appComponentFactory="androidx.core.app.CoreComponentFactory"
26-->[androidx.core:core:1.16.0] AndroidManifest.xml:28:18-86
27        android:debuggable="true"
28        android:extractNativeLibs="true"
29        android:icon="@mipmap/ic_launcher"
29-->src/main/AndroidManifest.xml:6:9-43
30        android:label="@string/app_name"
30-->src/main/AndroidManifest.xml:7:9-41
31        android:roundIcon="@mipmap/ic_launcher_round"
31-->src/main/AndroidManifest.xml:8:9-54
32        android:supportsRtl="true"
32-->src/main/AndroidManifest.xml:9:9-35
33        android:testOnly="true"
34        android:theme="@style/Theme.MyTestApp" >
34-->src/main/AndroidManifest.xml:10:9-47
35        <activity
35-->src/main/AndroidManifest.xml:11:9-17:20
36            android:name="com.mytestapp.MainActivity"
36-->src/main/AndroidManifest.xml:11:19-47
37            android:exported="true" >
37-->src/main/AndroidManifest.xml:12:13-36
38            <intent-filter>
38-->src/main/AndroidManifest.xml:13:13-16:29
39                <action android:name="android.intent.action.MAIN" />
39-->src/main/AndroidManifest.xml:14:17-69
39-->src/main/AndroidManifest.xml:14:25-66
40
41                <category android:name="android.intent.category.LAUNCHER" />
41-->src/main/AndroidManifest.xml:15:17-77
41-->src/main/AndroidManifest.xml:15:27-74
42            </intent-filter>
43        </activity>
44        <activity
44-->src/main/AndroidManifest.xml:18:9-19:39
45            android:name="com.mytestapp.SecondActivity"
45-->src/main/AndroidManifest.xml:18:19-49
46            android:exported="false" />
46-->src/main/AndroidManifest.xml:19:13-37
47
48        <provider
48-->[androidx.emoji2:emoji2:1.2.0] AndroidManifest.xml:24:9-32:20
49            android:name="androidx.startup.InitializationProvider"
49-->[androidx.emoji2:emoji2:1.2.0] AndroidManifest.xml:25:13-67
50            android:authorities="com.mytestapp.androidx-startup"
50-->[androidx.emoji2:emoji2:1.2.0] AndroidManifest.xml:26:13-68
51            android:exported="false" >
51-->[androidx.emoji2:emoji2:1.2.0] AndroidManifest.xml:27:13-37
52            <meta-data
52-->[androidx.emoji2:emoji2:1.2.0] AndroidManifest.xml:29:13-31:52
53                android:name="androidx.emoji2.text.EmojiCompatInitializer"
53-->[androidx.emoji2:emoji2:1.2.0] AndroidManifest.xml:30:17-75
54                android:value="androidx.startup" />
54-->[androidx.emoji2:emoji2:1.2.0] AndroidManifest.xml:31:17-49
55            <meta-data
55-->[androidx.lifecycle:lifecycle-process:2.6.2] AndroidManifest.xml:29:13-31:52
56                android:name="androidx.lifecycle.ProcessLifecycleInitializer"
56-->[androidx.lifecycle:lifecycle-process:2.6.2] AndroidManifest.xml:30:17-78
57                android:value="androidx.startup" />
57-->[androidx.lifecycle:lifecycle-process:2.6.2] AndroidManifest.xml:31:17-49
58            <meta-data
58-->[androidx.profileinstaller:profileinstaller:1.3.0] AndroidManifest.xml:29:13-31:52
59                android:name="androidx.profileinstaller.ProfileInstallerInitializer"
59-->[androidx.profileinstaller:profileinstaller:1.3.0] AndroidManifest.xml:30:17-85
60                android:value="androidx.startup" />
60-->[androidx.profileinstaller:profileinstaller:1.3.0] AndroidManifest.xml:31:17-49
61        </provider>
62
63        <activity
63-->[androidx.test:core:1.6.1] AndroidManifest.xml:27:9-34:20
64            android:name="androidx.test.core.app.InstrumentationActivityInvoker$BootstrapActivity"
64-->[androidx.test:core:1.6.1] AndroidManifest.xml:28:13-99
65            android:exported="true"
65-->[androidx.test:core:1.6.1] AndroidManifest.xml:29:13-36
66            android:theme="@style/WhiteBackgroundTheme" >
66-->[androidx.test:core:1.6.1] AndroidManifest.xml:30:13-56
67            <intent-filter android:priority="-100" >
67-->[androidx.test:core:1.6.1] AndroidManifest.xml:31:13-33:29
67-->[androidx.test:core:1.6.1] AndroidManifest.xml:31:28-51
68                <category android:name="android.intent.category.LAUNCHER" />
68-->src/main/AndroidManifest.xml:15:17-77
68-->src/main/AndroidManifest.xml:15:27-74
69            </intent-filter>
70        </activity>
71        <activity
71-->[androidx.test:core:1.6.1] AndroidManifest.xml:35:9-42:20
72            android:name="androidx.test.core.app.InstrumentationActivityInvoker$EmptyActivity"
72-->[androidx.test:core:1.6.1] AndroidManifest.xml:36:13-95
73            android:exported="true"
73-->[androidx.test:core:1.6.1] AndroidManifest.xml:37:13-36
74            android:theme="@style/WhiteBackgroundTheme" >
74-->[androidx.test:core:1.6.1] AndroidManifest.xml:38:13-56
75            <intent-filter android:priority="-100" >
75-->[androidx.test:core:1.6.1] AndroidManifest.xml:31:13-33:29
75-->[androidx.test:core:1.6.1] AndroidManifest.xml:31:28-51
76                <category android:name="android.intent.category.LAUNCHER" />
76-->src/main/AndroidManifest.xml:15:17-77
76-->src/main/AndroidManifest.xml:15:27-74
77            </intent-filter>
78        </activity>
79        <activity
79-->[androidx.test:core:1.6.1] AndroidManifest.xml:43:9-50:20
80            android:name="androidx.test.core.app.InstrumentationActivityInvoker$EmptyFloatingActivity"
80-->[androidx.test:core:1.6.1] AndroidManifest.xml:44:13-103
81            android:exported="true"
81-->[androidx.test:core:1.6.1] AndroidManifest.xml:45:13-36
82            android:theme="@style/WhiteBackgroundDialogTheme" >
82-->[androidx.test:core:1.6.1] AndroidManifest.xml:46:13-62
83            <intent-filter android:priority="-100" >
83-->[androidx.test:core:1.6.1] AndroidManifest.xml:31:13-33:29
83-->[androidx.test:core:1.6.1] AndroidManifest.xml:31:28-51
84                <category android:name="android.intent.category.LAUNCHER" />
84-->src/main/AndroidManifest.xml:15:17-77
84-->src/main/AndroidManifest.xml:15:27-74
85            </intent-filter>
86        </activity>
87
88        <receiver
88-->[androidx.profileinstaller:profileinstaller:1.3.0] AndroidManifest.xml:34:9-52:20
89            android:name="androidx.profileinstaller.ProfileInstallReceiver"
89-->[androidx.profileinstaller:profileinstaller:1.3.0] AndroidManifest.xml:35:13-76
90            android:directBootAware="false"
90-->[androidx.profileinstaller:profileinstaller:1.3.0] AndroidManifest.xml:36:13-44
91            android:enabled="true"
91-->[androidx.profileinstaller:profileinstaller:1.3.0] AndroidManifest.xml:37:13-35
92            android:exported="true"
92-->[androidx.profileinstaller:profileinstaller:1.3.0] AndroidManifest.xml:38:13-36
93            android:permission="android.permission.DUMP" >
93-->[androidx.profileinstaller:profileinstaller:1.3.0] AndroidManifest.xml:39:13-57
94            <intent-filter>
94-->[androidx.profileinstaller:profileinstaller:1.3.0] AndroidManifest.xml:40:13-42:29
95                <action android:name="androidx.profileinstaller.action.INSTALL_PROFILE" />
95-->[androidx.profileinstaller:profileinstaller:1.3.0] AndroidManifest.xml:41:17-91
95-->[androidx.profileinstaller:profileinstaller:1.3.0] AndroidManifest.xml:41:25-88
96            </intent-filter>
97            <intent-filter>
97-->[androidx.profileinstaller:profileinstaller:1.3.0] AndroidManifest.xml:43:13-45:29
98                <action android:name="androidx.profileinstaller.action.SKIP_FILE" />
98-->[androidx.profileinstaller:profileinstaller:1.3.0] AndroidManifest.xml:44:17-85
98-->[androidx.profileinstaller:profileinstaller:1.3.0] AndroidManifest.xml:44:25-82
99            </intent-filter>
100            <intent-filter>
100-->[androidx.profileinstaller:profileinstaller:1.3.0] AndroidManifest.xml:46:13-48:29
101                <action android:name="androidx.profileinstaller.action.SAVE_PROFILE" />
101-->[androidx.profileinstaller:profileinstaller:1.3.0] AndroidManifest.xml:47:17-88
101-->[androidx.profileinstaller:profileinstaller:1.3.0] AndroidManifest.xml:47:25-85
102            </intent-filter>
103            <intent-filter>
103-->[androidx.profileinstaller:profileinstaller:1.3.0] AndroidManifest.xml:49:13-51:29
104                <action android:name="androidx.profileinstaller.action.BENCHMARK_OPERATION" />
104-->[androidx.profileinstaller:profileinstaller:1.3.0] AndroidManifest.xml:50:17-95
104-->[androidx.profileinstaller:profileinstaller:1.3.0] AndroidManifest.xml:50:25-92
105            </intent-filter>
106        </receiver>
107    </application>
108
109</manifest>